
*** Running vivado
    with args -log Top_Student.vds -m64 -product Vivado -mode batch -messageDb vivado.pb -notrace -source Top_Student.tcl


****** Vivado v2018.2 (64-bit)
  **** SW Build 2258646 on Thu Jun 14 20:03:12 MDT 2018
  **** IP Build 2256618 on Thu Jun 14 22:10:49 MDT 2018
    ** Copyright 1986-2018 Xilinx, Inc. All Rights Reserved.

source Top_Student.tcl -notrace
Command: synth_design -top Top_Student -part xc7a35tcpg236-1
Starting synth_design
Attempting to get a license for feature 'Synthesis' and/or device 'xc7a35t'
INFO: [Common 17-349] Got license for feature 'Synthesis' and/or device 'xc7a35t'
INFO: Launching helper process for spawning children vivado processes
INFO: Helper process launched with PID 4476 
---------------------------------------------------------------------------------
Starting RTL Elaboration : Time (s): cpu = 00:00:01 ; elapsed = 00:00:02 . Memory (MB): peak = 359.207 ; gain = 99.312
---------------------------------------------------------------------------------
INFO: [Synth 8-6157] synthesizing module 'Top_Student' [C:/Users/cyber/Desktop/Kashfy-EE2026-Vivado/MODS/MODS.srcs/sources_1/new/Top_Student.v:14]
INFO: [Synth 8-6157] synthesizing module 'flexy_clock' [C:/Users/cyber/Desktop/Kashfy-EE2026-Vivado/MODS/MODS.srcs/sources_1/new/flexy_clock.v:23]
INFO: [Synth 8-6155] done synthesizing module 'flexy_clock' (1#1) [C:/Users/cyber/Desktop/Kashfy-EE2026-Vivado/MODS/MODS.srcs/sources_1/new/flexy_clock.v:23]
INFO: [Synth 8-6157] synthesizing module 'direction_mux' [C:/Users/cyber/Desktop/Kashfy-EE2026-Vivado/MODS/MODS.srcs/sources_1/new/direction_mux.v:23]
INFO: [Synth 8-6155] done synthesizing module 'direction_mux' (2#1) [C:/Users/cyber/Desktop/Kashfy-EE2026-Vivado/MODS/MODS.srcs/sources_1/new/direction_mux.v:23]
INFO: [Synth 8-6157] synthesizing module 'animate' [C:/Users/cyber/Desktop/Kashfy-EE2026-Vivado/MODS/MODS.srcs/sources_1/new/animate.v:23]
WARNING: [Synth 8-311] ignoring non-constant assignment in initial block [C:/Users/cyber/Desktop/Kashfy-EE2026-Vivado/MODS/MODS.srcs/sources_1/new/animate.v:39]
WARNING: [Synth 8-311] ignoring non-constant assignment in initial block [C:/Users/cyber/Desktop/Kashfy-EE2026-Vivado/MODS/MODS.srcs/sources_1/new/animate.v:40]
WARNING: [Synth 8-6014] Unused sequential element x_increment_reg was removed.  [C:/Users/cyber/Desktop/Kashfy-EE2026-Vivado/MODS/MODS.srcs/sources_1/new/animate.v:56]
WARNING: [Synth 8-6014] Unused sequential element y_increment_reg was removed.  [C:/Users/cyber/Desktop/Kashfy-EE2026-Vivado/MODS/MODS.srcs/sources_1/new/animate.v:74]
INFO: [Synth 8-6155] done synthesizing module 'animate' (3#1) [C:/Users/cyber/Desktop/Kashfy-EE2026-Vivado/MODS/MODS.srcs/sources_1/new/animate.v:23]
WARNING: [Synth 8-689] width (4) of port connection 'sq_width' does not match port width (7) of module 'animate' [C:/Users/cyber/Desktop/Kashfy-EE2026-Vivado/MODS/MODS.srcs/sources_1/new/Top_Student.v:69]
WARNING: [Synth 8-689] width (4) of port connection 'sq_height' does not match port width (7) of module 'animate' [C:/Users/cyber/Desktop/Kashfy-EE2026-Vivado/MODS/MODS.srcs/sources_1/new/Top_Student.v:69]
WARNING: [Synth 8-350] instance 'animate_hero' of module 'animate' requires 24 connections, but only 20 given [C:/Users/cyber/Desktop/Kashfy-EE2026-Vivado/MODS/MODS.srcs/sources_1/new/Top_Student.v:68]
INFO: [Synth 8-6157] synthesizing module 'hero_damage' [C:/Users/cyber/Desktop/Kashfy-EE2026-Vivado/MODS/MODS.srcs/sources_1/new/hero_damage.v:23]
INFO: [Synth 8-6155] done synthesizing module 'hero_damage' (4#1) [C:/Users/cyber/Desktop/Kashfy-EE2026-Vivado/MODS/MODS.srcs/sources_1/new/hero_damage.v:23]
INFO: [Synth 8-6157] synthesizing module 'enimate' [C:/Users/cyber/Desktop/Kashfy-EE2026-Vivado/MODS/MODS.srcs/sources_1/new/enimate.v:23]
WARNING: [Synth 8-6014] Unused sequential element x_increment_reg was removed.  [C:/Users/cyber/Desktop/Kashfy-EE2026-Vivado/MODS/MODS.srcs/sources_1/new/enimate.v:57]
WARNING: [Synth 8-6014] Unused sequential element y_increment_reg was removed.  [C:/Users/cyber/Desktop/Kashfy-EE2026-Vivado/MODS/MODS.srcs/sources_1/new/enimate.v:75]
INFO: [Synth 8-6155] done synthesizing module 'enimate' (5#1) [C:/Users/cyber/Desktop/Kashfy-EE2026-Vivado/MODS/MODS.srcs/sources_1/new/enimate.v:23]
WARNING: [Synth 8-689] width (4) of port connection 'sq_width' does not match port width (7) of module 'enimate' [C:/Users/cyber/Desktop/Kashfy-EE2026-Vivado/MODS/MODS.srcs/sources_1/new/Top_Student.v:81]
WARNING: [Synth 8-689] width (4) of port connection 'sq_height' does not match port width (7) of module 'enimate' [C:/Users/cyber/Desktop/Kashfy-EE2026-Vivado/MODS/MODS.srcs/sources_1/new/Top_Student.v:81]
WARNING: [Synth 8-350] instance 'animate_enemy' of module 'enimate' requires 27 connections, but only 23 given [C:/Users/cyber/Desktop/Kashfy-EE2026-Vivado/MODS/MODS.srcs/sources_1/new/Top_Student.v:80]
INFO: [Synth 8-6157] synthesizing module 'make_square' [C:/Users/cyber/Desktop/Kashfy-EE2026-Vivado/MODS/MODS.srcs/sources_1/new/make_square.v:23]
INFO: [Synth 8-6157] synthesizing module 'sprite_1' [C:/Users/cyber/Desktop/Kashfy-EE2026-Vivado/MODS/MODS.srcs/sources_1/new/make_square.v:75]
WARNING: [Synth 8-85] always block has no event control specified [C:/Users/cyber/Desktop/Kashfy-EE2026-Vivado/MODS/MODS.srcs/sources_1/new/make_square.v:84]
INFO: [Synth 8-6155] done synthesizing module 'sprite_1' (6#1) [C:/Users/cyber/Desktop/Kashfy-EE2026-Vivado/MODS/MODS.srcs/sources_1/new/make_square.v:75]
INFO: [Synth 8-6157] synthesizing module 'sprite_2' [C:/Users/cyber/Desktop/Kashfy-EE2026-Vivado/MODS/MODS.srcs/sources_1/new/make_square.v:96]
WARNING: [Synth 8-85] always block has no event control specified [C:/Users/cyber/Desktop/Kashfy-EE2026-Vivado/MODS/MODS.srcs/sources_1/new/make_square.v:105]
INFO: [Synth 8-6155] done synthesizing module 'sprite_2' (7#1) [C:/Users/cyber/Desktop/Kashfy-EE2026-Vivado/MODS/MODS.srcs/sources_1/new/make_square.v:96]
INFO: [Synth 8-6157] synthesizing module 'sprite_3' [C:/Users/cyber/Desktop/Kashfy-EE2026-Vivado/MODS/MODS.srcs/sources_1/new/make_square.v:117]
WARNING: [Synth 8-85] always block has no event control specified [C:/Users/cyber/Desktop/Kashfy-EE2026-Vivado/MODS/MODS.srcs/sources_1/new/make_square.v:129]
INFO: [Synth 8-6155] done synthesizing module 'sprite_3' (8#1) [C:/Users/cyber/Desktop/Kashfy-EE2026-Vivado/MODS/MODS.srcs/sources_1/new/make_square.v:117]
INFO: [Synth 8-6155] done synthesizing module 'make_square' (9#1) [C:/Users/cyber/Desktop/Kashfy-EE2026-Vivado/MODS/MODS.srcs/sources_1/new/make_square.v:23]
INFO: [Synth 8-6157] synthesizing module 'Oled_Display' [C:/Users/cyber/Desktop/Kashfy-EE2026-Vivado/MODS/MODS.srcs/sources_1/imports/Desktop/Oled_Display.v:36]
	Parameter Width bound to: 96 - type: integer 
	Parameter Height bound to: 64 - type: integer 
	Parameter PixelCount bound to: 6144 - type: integer 
	Parameter PixelCountWidth bound to: 13 - type: integer 
	Parameter ClkFreq bound to: 6250000 - type: integer 
	Parameter FrameFreq bound to: 60 - type: integer 
	Parameter FrameDiv bound to: 104166 - type: integer 
	Parameter FrameDivWidth bound to: 17 - type: integer 
	Parameter PowerDelay bound to: 20 - type: integer 
	Parameter ResetDelay bound to: 3 - type: integer 
	Parameter VccEnDelay bound to: 20 - type: integer 
	Parameter StartupCompleteDelay bound to: 100 - type: integer 
	Parameter MaxDelay bound to: 100 - type: integer 
	Parameter MaxDelayCount bound to: 625000 - type: integer 
	Parameter StateCount bound to: 32 - type: integer 
	Parameter StateWidth bound to: 5 - type: integer 
	Parameter PowerUp bound to: 5'b00000 
	Parameter Reset bound to: 5'b00001 
	Parameter ReleaseReset bound to: 5'b00011 
	Parameter EnableDriver bound to: 5'b00010 
	Parameter DisplayOff bound to: 5'b00110 
	Parameter SetRemapDisplayFormat bound to: 5'b00111 
	Parameter SetStartLine bound to: 5'b00101 
	Parameter SetOffset bound to: 5'b00100 
	Parameter SetNormalDisplay bound to: 5'b01100 
	Parameter SetMultiplexRatio bound to: 5'b01101 
	Parameter SetMasterConfiguration bound to: 5'b01111 
	Parameter DisablePowerSave bound to: 5'b01110 
	Parameter SetPhaseAdjust bound to: 5'b01010 
	Parameter SetDisplayClock bound to: 5'b01011 
	Parameter SetSecondPrechargeA bound to: 5'b01001 
	Parameter SetSecondPrechargeB bound to: 5'b01000 
	Parameter SetSecondPrechargeC bound to: 5'b11000 
	Parameter SetPrechargeLevel bound to: 5'b11001 
	Parameter SetVCOMH bound to: 5'b11011 
	Parameter SetMasterCurrent bound to: 5'b11010 
	Parameter SetContrastA bound to: 5'b11110 
	Parameter SetContrastB bound to: 5'b11111 
	Parameter SetContrastC bound to: 5'b11101 
	Parameter DisableScrolling bound to: 5'b11100 
	Parameter ClearScreen bound to: 5'b10100 
	Parameter VccEn bound to: 5'b10101 
	Parameter DisplayOn bound to: 5'b10111 
	Parameter PrepareNextFrame bound to: 5'b10110 
	Parameter SetColAddress bound to: 5'b10010 
	Parameter SetRowAddress bound to: 5'b10011 
	Parameter WaitNextFrame bound to: 5'b10001 
	Parameter SendPixel bound to: 5'b10000 
	Parameter SpiCommandMaxWidth bound to: 40 - type: integer 
	Parameter SpiCommandBitCountWidth bound to: 6 - type: integer 
INFO: [Synth 8-226] default block is never used [C:/Users/cyber/Desktop/Kashfy-EE2026-Vivado/MODS/MODS.srcs/sources_1/imports/Desktop/Oled_Display.v:123]
INFO: [Synth 8-226] default block is never used [C:/Users/cyber/Desktop/Kashfy-EE2026-Vivado/MODS/MODS.srcs/sources_1/imports/Desktop/Oled_Display.v:198]
WARNING: [Synth 8-693] zero replication count - replication ignored [C:/Users/cyber/Desktop/Kashfy-EE2026-Vivado/MODS/MODS.srcs/sources_1/imports/Desktop/Oled_Display.v:346]
INFO: [Synth 8-6155] done synthesizing module 'Oled_Display' (10#1) [C:/Users/cyber/Desktop/Kashfy-EE2026-Vivado/MODS/MODS.srcs/sources_1/imports/Desktop/Oled_Display.v:36]
INFO: [Synth 8-6155] done synthesizing module 'Top_Student' (11#1) [C:/Users/cyber/Desktop/Kashfy-EE2026-Vivado/MODS/MODS.srcs/sources_1/new/Top_Student.v:14]
WARNING: [Synth 8-3331] design sprite_2 has unconnected port y_oled[6]
WARNING: [Synth 8-3331] design sprite_2 has unconnected port y_oled[5]
WARNING: [Synth 8-3331] design sprite_2 has unconnected port y_oled[4]
WARNING: [Synth 8-3331] design sprite_2 has unconnected port y_oled[3]
WARNING: [Synth 8-3331] design sprite_2 has unconnected port y_oled[2]
WARNING: [Synth 8-3331] design sprite_2 has unconnected port y_oled[1]
WARNING: [Synth 8-3331] design sprite_2 has unconnected port y_oled[0]
WARNING: [Synth 8-3331] design sprite_2 has unconnected port y_ref[6]
WARNING: [Synth 8-3331] design sprite_2 has unconnected port y_ref[5]
WARNING: [Synth 8-3331] design sprite_2 has unconnected port y_ref[4]
WARNING: [Synth 8-3331] design sprite_2 has unconnected port y_ref[3]
WARNING: [Synth 8-3331] design sprite_2 has unconnected port y_ref[2]
WARNING: [Synth 8-3331] design sprite_2 has unconnected port y_ref[1]
WARNING: [Synth 8-3331] design sprite_2 has unconnected port y_ref[0]
WARNING: [Synth 8-3331] design sprite_2 has unconnected port sprite_height[6]
WARNING: [Synth 8-3331] design sprite_2 has unconnected port sprite_height[5]
WARNING: [Synth 8-3331] design sprite_2 has unconnected port sprite_height[4]
WARNING: [Synth 8-3331] design sprite_2 has unconnected port sprite_height[3]
WARNING: [Synth 8-3331] design sprite_2 has unconnected port sprite_height[2]
WARNING: [Synth 8-3331] design sprite_2 has unconnected port sprite_height[1]
WARNING: [Synth 8-3331] design sprite_2 has unconnected port sprite_height[0]
WARNING: [Synth 8-3331] design sprite_1 has unconnected port x_oled[6]
WARNING: [Synth 8-3331] design sprite_1 has unconnected port x_oled[5]
WARNING: [Synth 8-3331] design sprite_1 has unconnected port x_oled[4]
WARNING: [Synth 8-3331] design sprite_1 has unconnected port x_oled[3]
WARNING: [Synth 8-3331] design sprite_1 has unconnected port x_oled[2]
WARNING: [Synth 8-3331] design sprite_1 has unconnected port x_oled[1]
WARNING: [Synth 8-3331] design sprite_1 has unconnected port x_oled[0]
WARNING: [Synth 8-3331] design sprite_1 has unconnected port x_ref[6]
WARNING: [Synth 8-3331] design sprite_1 has unconnected port x_ref[5]
WARNING: [Synth 8-3331] design sprite_1 has unconnected port x_ref[4]
WARNING: [Synth 8-3331] design sprite_1 has unconnected port x_ref[3]
WARNING: [Synth 8-3331] design sprite_1 has unconnected port x_ref[2]
WARNING: [Synth 8-3331] design sprite_1 has unconnected port x_ref[1]
WARNING: [Synth 8-3331] design sprite_1 has unconnected port x_ref[0]
WARNING: [Synth 8-3331] design sprite_1 has unconnected port sprite_width[6]
WARNING: [Synth 8-3331] design sprite_1 has unconnected port sprite_width[5]
WARNING: [Synth 8-3331] design sprite_1 has unconnected port sprite_width[4]
WARNING: [Synth 8-3331] design sprite_1 has unconnected port sprite_width[3]
WARNING: [Synth 8-3331] design sprite_1 has unconnected port sprite_width[2]
WARNING: [Synth 8-3331] design sprite_1 has unconnected port sprite_width[1]
WARNING: [Synth 8-3331] design sprite_1 has unconnected port sprite_width[0]
WARNING: [Synth 8-3331] design make_square has unconnected port sq_colour[15]
WARNING: [Synth 8-3331] design make_square has unconnected port sq_colour[14]
WARNING: [Synth 8-3331] design make_square has unconnected port sq_colour[13]
WARNING: [Synth 8-3331] design make_square has unconnected port sq_colour[12]
WARNING: [Synth 8-3331] design make_square has unconnected port sq_colour[11]
WARNING: [Synth 8-3331] design make_square has unconnected port sq_colour[10]
WARNING: [Synth 8-3331] design make_square has unconnected port sq_colour[9]
WARNING: [Synth 8-3331] design make_square has unconnected port sq_colour[8]
WARNING: [Synth 8-3331] design make_square has unconnected port sq_colour[7]
WARNING: [Synth 8-3331] design make_square has unconnected port sq_colour[6]
WARNING: [Synth 8-3331] design make_square has unconnected port sq_colour[5]
WARNING: [Synth 8-3331] design make_square has unconnected port sq_colour[4]
WARNING: [Synth 8-3331] design make_square has unconnected port sq_colour[3]
WARNING: [Synth 8-3331] design make_square has unconnected port sq_colour[2]
WARNING: [Synth 8-3331] design make_square has unconnected port sq_colour[1]
WARNING: [Synth 8-3331] design make_square has unconnected port sq_colour[0]
WARNING: [Synth 8-3331] design make_square has unconnected port sq_colour2[15]
WARNING: [Synth 8-3331] design make_square has unconnected port sq_colour2[14]
WARNING: [Synth 8-3331] design make_square has unconnected port sq_colour2[13]
WARNING: [Synth 8-3331] design make_square has unconnected port sq_colour2[12]
WARNING: [Synth 8-3331] design make_square has unconnected port sq_colour2[11]
WARNING: [Synth 8-3331] design make_square has unconnected port sq_colour2[10]
WARNING: [Synth 8-3331] design make_square has unconnected port sq_colour2[9]
WARNING: [Synth 8-3331] design make_square has unconnected port sq_colour2[8]
WARNING: [Synth 8-3331] design make_square has unconnected port sq_colour2[7]
WARNING: [Synth 8-3331] design make_square has unconnected port sq_colour2[6]
WARNING: [Synth 8-3331] design make_square has unconnected port sq_colour2[5]
WARNING: [Synth 8-3331] design make_square has unconnected port sq_colour2[4]
WARNING: [Synth 8-3331] design make_square has unconnected port sq_colour2[3]
WARNING: [Synth 8-3331] design make_square has unconnected port sq_colour2[2]
WARNING: [Synth 8-3331] design make_square has unconnected port sq_colour2[1]
WARNING: [Synth 8-3331] design make_square has unconnected port sq_colour2[0]
WARNING: [Synth 8-3331] design enimate has unconnected port x_start[6]
WARNING: [Synth 8-3331] design enimate has unconnected port x_start[5]
WARNING: [Synth 8-3331] design enimate has unconnected port x_start[4]
WARNING: [Synth 8-3331] design enimate has unconnected port x_start[3]
WARNING: [Synth 8-3331] design enimate has unconnected port x_start[2]
WARNING: [Synth 8-3331] design enimate has unconnected port x_start[1]
WARNING: [Synth 8-3331] design enimate has unconnected port x_start[0]
WARNING: [Synth 8-3331] design enimate has unconnected port y_start[6]
WARNING: [Synth 8-3331] design enimate has unconnected port y_start[5]
WARNING: [Synth 8-3331] design enimate has unconnected port y_start[4]
WARNING: [Synth 8-3331] design enimate has unconnected port y_start[3]
WARNING: [Synth 8-3331] design enimate has unconnected port y_start[2]
WARNING: [Synth 8-3331] design enimate has unconnected port y_start[1]
WARNING: [Synth 8-3331] design enimate has unconnected port y_start[0]
WARNING: [Synth 8-3331] design enimate has unconnected port fps[31]
WARNING: [Synth 8-3331] design enimate has unconnected port fps[30]
WARNING: [Synth 8-3331] design enimate has unconnected port fps[29]
WARNING: [Synth 8-3331] design enimate has unconnected port fps[28]
WARNING: [Synth 8-3331] design enimate has unconnected port fps[27]
WARNING: [Synth 8-3331] design enimate has unconnected port fps[26]
WARNING: [Synth 8-3331] design enimate has unconnected port fps[25]
WARNING: [Synth 8-3331] design enimate has unconnected port fps[24]
WARNING: [Synth 8-3331] design enimate has unconnected port fps[23]
WARNING: [Synth 8-3331] design enimate has unconnected port fps[22]
WARNING: [Synth 8-3331] design enimate has unconnected port fps[21]
WARNING: [Synth 8-3331] design enimate has unconnected port fps[20]
INFO: [Common 17-14] Message 'Synth 8-3331' appears 100 times and further instances of the messages will be disabled. Use the Tcl command set_msg_config to change the current settings.
---------------------------------------------------------------------------------
Finished RTL Elaboration : Time (s): cpu = 00:00:02 ; elapsed = 00:00:03 . Memory (MB): peak = 414.223 ; gain = 154.328
---------------------------------------------------------------------------------

Report Check Netlist: 
+------+------------------+-------+---------+-------+------------------+
|      |Item              |Errors |Warnings |Status |Description       |
+------+------------------+-------+---------+-------+------------------+
|1     |multi_driven_nets |      0|        0|Passed |Multi driven nets |
+------+------------------+-------+---------+-------+------------------+
---------------------------------------------------------------------------------
Start Handling Custom Attributes
---------------------------------------------------------------------------------
---------------------------------------------------------------------------------
Finished Handling Custom Attributes : Time (s): cpu = 00:00:02 ; elapsed = 00:00:03 . Memory (MB): peak = 414.223 ; gain = 154.328
---------------------------------------------------------------------------------
---------------------------------------------------------------------------------
Finished RTL Optimization Phase 1 : Time (s): cpu = 00:00:02 ; elapsed = 00:00:03 . Memory (MB): peak = 414.223 ; gain = 154.328
---------------------------------------------------------------------------------
INFO: [Device 21-403] Loading part xc7a35tcpg236-1
INFO: [Project 1-570] Preparing netlist for logic optimization

Processing XDC Constraints
Initializing timing engine
Parsing XDC File [C:/Users/cyber/Desktop/Kashfy-EE2026-Vivado/MODS/MODS.srcs/constrs_1/new/konstrens.xdc]
WARNING: [Vivado 12-584] No ports matched 'PS2Clk'. [C:/Users/cyber/Desktop/Kashfy-EE2026-Vivado/MODS/MODS.srcs/constrs_1/new/konstrens.xdc:138]
CRITICAL WARNING: [Common 17-55] 'set_property' expects at least one object. [C:/Users/cyber/Desktop/Kashfy-EE2026-Vivado/MODS/MODS.srcs/constrs_1/new/konstrens.xdc:138]
Resolution: If [get_<value>] was used to populate the object, check to make sure this command returns at least one valid object.
WARNING: [Vivado 12-584] No ports matched 'PS2Data'. [C:/Users/cyber/Desktop/Kashfy-EE2026-Vivado/MODS/MODS.srcs/constrs_1/new/konstrens.xdc:139]
CRITICAL WARNING: [Common 17-55] 'set_property' expects at least one object. [C:/Users/cyber/Desktop/Kashfy-EE2026-Vivado/MODS/MODS.srcs/constrs_1/new/konstrens.xdc:139]
Resolution: If [get_<value>] was used to populate the object, check to make sure this command returns at least one valid object.
Finished Parsing XDC File [C:/Users/cyber/Desktop/Kashfy-EE2026-Vivado/MODS/MODS.srcs/constrs_1/new/konstrens.xdc]
INFO: [Project 1-236] Implementation specific constraints were found while reading constraint file [C:/Users/cyber/Desktop/Kashfy-EE2026-Vivado/MODS/MODS.srcs/constrs_1/new/konstrens.xdc]. These constraints will be ignored for synthesis but will be used in implementation. Impacted constraints are listed in the file [.Xil/Top_Student_propImpl.xdc].
Resolution: To avoid this warning, move constraints listed in [.Xil/Top_Student_propImpl.xdc] to another XDC file and exclude this new file from synthesis with the used_in_synthesis property (File Properties dialog in GUI) and re-run elaboration/synthesis.
Completed Processing XDC Constraints

INFO: [Project 1-111] Unisim Transformation Summary:
No Unisim elements were transformed.

Constraint Validation Runtime : Time (s): cpu = 00:00:00 ; elapsed = 00:00:00.002 . Memory (MB): peak = 758.035 ; gain = 0.000
---------------------------------------------------------------------------------
Finished Constraint Validation : Time (s): cpu = 00:00:06 ; elapsed = 00:00:11 . Memory (MB): peak = 758.035 ; gain = 498.141
---------------------------------------------------------------------------------
---------------------------------------------------------------------------------
Start Loading Part and Timing Information
---------------------------------------------------------------------------------
Loading part: xc7a35tcpg236-1
---------------------------------------------------------------------------------
Finished Loading Part and Timing Information : Time (s): cpu = 00:00:06 ; elapsed = 00:00:11 . Memory (MB): peak = 758.035 ; gain = 498.141
---------------------------------------------------------------------------------
---------------------------------------------------------------------------------
Start Applying 'set_property' XDC Constraints
---------------------------------------------------------------------------------
---------------------------------------------------------------------------------
Finished applying 'set_property' XDC Constraints : Time (s): cpu = 00:00:06 ; elapsed = 00:00:11 . Memory (MB): peak = 758.035 ; gain = 498.141
---------------------------------------------------------------------------------
INFO: [Synth 8-5545] ROM "slow_clk0" won't be mapped to RAM because address size (32) is larger than maximum supported(25)
INFO: [Synth 8-5546] ROM "is_y_stat0" won't be mapped to RAM because it is too sparse
INFO: [Synth 8-5546] ROM "is_y_stat0" won't be mapped to RAM because it is too sparse
INFO: [Synth 8-5544] ROM "sprite_no" won't be mapped to Block RAM because address size (1) smaller than threshold (5)
INFO: [Synth 8-5546] ROM "is_y_stat0" won't be mapped to RAM because it is too sparse
INFO: [Synth 8-5546] ROM "is_y_stat0" won't be mapped to RAM because it is too sparse
INFO: [Synth 8-802] inferred FSM for state register 'state_reg' in module 'Oled_Display'
INFO: [Synth 8-5546] ROM "fsm_next_state0" won't be mapped to RAM because it is too sparse
INFO: [Synth 8-5544] ROM "fsm_next_state0" won't be mapped to Block RAM because address size (1) smaller than threshold (5)
INFO: [Synth 8-5546] ROM "fsm_next_state0" won't be mapped to RAM because it is too sparse
---------------------------------------------------------------------------------------------------
                   State |                     New Encoding |                Previous Encoding 
---------------------------------------------------------------------------------------------------
                 PowerUp | 00000000100000000000000000000000 |                            00000
                   Reset | 00000000000100000000000000000000 |                            00001
            ReleaseReset | 00000000000000000000100000000000 |                            00011
            EnableDriver | 00000000000000000001000000000000 |                            00010
              DisplayOff | 00000000000000000100000000000000 |                            00110
   SetRemapDisplayFormat | 00000100000000000000000000000000 |                            00111
            SetStartLine | 00001000000000000000000000000000 |                            00101
               SetOffset | 10000000000000000000000000000000 |                            00100
        SetNormalDisplay | 00000000000000000000000010000000 |                            01100
       SetMultiplexRatio | 00000000000000000000000000100000 |                            01101
  SetMasterConfiguration | 00000000000000000000000001000000 |                            01111
        DisablePowerSave | 00000000000000000000000000000100 |                            01110
          SetPhaseAdjust | 00000000000000000000000000001000 |                            01010
         SetDisplayClock | 00000000001000000000000000000000 |                            01011
     SetSecondPrechargeA | 00000000010000000000000000000000 |                            01001
     SetSecondPrechargeB | 01000000000000000000000000000000 |                            01000
     SetSecondPrechargeC | 00000010000000000000000000000000 |                            11000
       SetPrechargeLevel | 00000001000000000000000000000000 |                            11001
                SetVCOMH | 00000000000000010000000000000000 |                            11011
        SetMasterCurrent | 00000000000000100000000000000000 |                            11010
            SetContrastA | 00000000000001000000000000000000 |                            11110
            SetContrastB | 00100000000000000000000000000000 |                            11111
            SetContrastC | 00000000000000000000000000000001 |                            11101
        DisableScrolling | 00000000000000000000000000000010 |                            11100
             ClearScreen | 00000000000000000000000000010000 |                            10100
                   VccEn | 00010000000000000000000000000000 |                            10101
               DisplayOn | 00000000000010000000000000000000 |                            10111
        PrepareNextFrame | 00000000000000001000000000000000 |                            10110
           SetColAddress | 00000000000000000000010000000000 |                            10010
           SetRowAddress | 00000000000000000000000100000000 |                            10011
           WaitNextFrame | 00000000000000000000001000000000 |                            10001
               SendPixel | 00000000000000000010000000000000 |                            10000
---------------------------------------------------------------------------------------------------
INFO: [Synth 8-3354] encoded FSM with state register 'state_reg' using encoding 'one-hot' in module 'Oled_Display'
---------------------------------------------------------------------------------
Finished RTL Optimization Phase 2 : Time (s): cpu = 00:00:06 ; elapsed = 00:00:11 . Memory (MB): peak = 758.035 ; gain = 498.141
---------------------------------------------------------------------------------
INFO: [Synth 8-223] decloning instance 'clk_6p25MHz' (flexy_clock) to 'clk_25MHz'

Report RTL Partitions: 
+-+--------------+------------+----------+
| |RTL Partition |Replication |Instances |
+-+--------------+------------+----------+
+-+--------------+------------+----------+
---------------------------------------------------------------------------------
Start RTL Component Statistics 
---------------------------------------------------------------------------------
Detailed RTL Component Info : 
+---Adders : 
	   4 Input     33 Bit       Adders := 2     
	   2 Input     32 Bit       Adders := 9     
	   3 Input     32 Bit       Adders := 8     
	   2 Input     17 Bit       Adders := 1     
	   2 Input      9 Bit       Adders := 4     
	   4 Input      9 Bit       Adders := 1     
	   2 Input      8 Bit       Adders := 8     
	   3 Input      8 Bit       Adders := 10    
	   2 Input      7 Bit       Adders := 38    
	   2 Input      6 Bit       Adders := 1     
+---Registers : 
	               40 Bit    Registers := 1     
	               32 Bit    Registers := 4     
	               17 Bit    Registers := 1     
	               16 Bit    Registers := 1     
	                7 Bit    Registers := 6     
	                6 Bit    Registers := 1     
	                3 Bit    Registers := 1     
	                2 Bit    Registers := 1     
	                1 Bit    Registers := 7     
+---Multipliers : 
	                32x32  Multipliers := 2     
+---Muxes : 
	   2 Input     40 Bit        Muxes := 3     
	   2 Input     32 Bit        Muxes := 6     
	  32 Input     32 Bit        Muxes := 1     
	  32 Input     20 Bit        Muxes := 1     
	   2 Input     17 Bit        Muxes := 1     
	   2 Input     16 Bit        Muxes := 6     
	   3 Input     16 Bit        Muxes := 2     
	   2 Input     11 Bit        Muxes := 1     
	   2 Input      7 Bit        Muxes := 7     
	  10 Input      7 Bit        Muxes := 2     
	   6 Input      7 Bit        Muxes := 1     
	   7 Input      7 Bit        Muxes := 1     
	  32 Input      6 Bit        Muxes := 1     
	   2 Input      6 Bit        Muxes := 1     
	   2 Input      5 Bit        Muxes := 2     
	  32 Input      5 Bit        Muxes := 1     
	   2 Input      2 Bit        Muxes := 4     
	   3 Input      2 Bit        Muxes := 1     
	   2 Input      1 Bit        Muxes := 6     
	   5 Input      1 Bit        Muxes := 1     
---------------------------------------------------------------------------------
Finished RTL Component Statistics 
---------------------------------------------------------------------------------
---------------------------------------------------------------------------------
Start RTL Hierarchical Component Statistics 
---------------------------------------------------------------------------------
Hierarchical RTL Component report 
Module flexy_clock 
Detailed RTL Component Info : 
+---Registers : 
	                1 Bit    Registers := 1     
+---Muxes : 
	   2 Input      1 Bit        Muxes := 1     
Module direction_mux 
Detailed RTL Component Info : 
+---Registers : 
	                7 Bit    Registers := 2     
+---Muxes : 
	   2 Input      7 Bit        Muxes := 3     
Module animate 
Detailed RTL Component Info : 
+---Adders : 
	   4 Input     33 Bit       Adders := 1     
	   2 Input     32 Bit       Adders := 4     
	   3 Input     32 Bit       Adders := 3     
	   2 Input      9 Bit       Adders := 2     
	   2 Input      8 Bit       Adders := 3     
	   2 Input      7 Bit       Adders := 11    
+---Registers : 
	               32 Bit    Registers := 2     
	                7 Bit    Registers := 2     
	                2 Bit    Registers := 1     
	                1 Bit    Registers := 1     
+---Muxes : 
	   2 Input     32 Bit        Muxes := 2     
	   2 Input      7 Bit        Muxes := 2     
	  10 Input      7 Bit        Muxes := 1     
	   6 Input      7 Bit        Muxes := 1     
	   2 Input      2 Bit        Muxes := 2     
	   3 Input      2 Bit        Muxes := 1     
Module hero_damage 
Detailed RTL Component Info : 
+---Registers : 
	                3 Bit    Registers := 1     
Module enimate 
Detailed RTL Component Info : 
+---Adders : 
	   4 Input     33 Bit       Adders := 1     
	   2 Input     32 Bit       Adders := 4     
	   3 Input     32 Bit       Adders := 3     
	   2 Input      9 Bit       Adders := 2     
	   2 Input      8 Bit       Adders := 3     
	   3 Input      8 Bit       Adders := 2     
	   2 Input      7 Bit       Adders := 17    
+---Registers : 
	               32 Bit    Registers := 2     
	                7 Bit    Registers := 2     
	                1 Bit    Registers := 2     
+---Muxes : 
	   2 Input     32 Bit        Muxes := 2     
	   2 Input      7 Bit        Muxes := 2     
	  10 Input      7 Bit        Muxes := 1     
	   7 Input      7 Bit        Muxes := 1     
	   2 Input      2 Bit        Muxes := 2     
Module sprite_1 
Detailed RTL Component Info : 
+---Adders : 
	   4 Input      9 Bit       Adders := 1     
	   2 Input      8 Bit       Adders := 1     
+---Muxes : 
	   2 Input     16 Bit        Muxes := 1     
	   2 Input     11 Bit        Muxes := 1     
Module sprite_2 
Detailed RTL Component Info : 
+---Adders : 
	   2 Input      8 Bit       Adders := 1     
+---Muxes : 
	   3 Input     16 Bit        Muxes := 1     
Module sprite_3 
Detailed RTL Component Info : 
+---Adders : 
	   3 Input     32 Bit       Adders := 2     
	   2 Input     32 Bit       Adders := 1     
	   2 Input      7 Bit       Adders := 2     
+---Multipliers : 
	                32x32  Multipliers := 2     
Module make_square 
Detailed RTL Component Info : 
+---Adders : 
	   3 Input      8 Bit       Adders := 8     
	   2 Input      7 Bit       Adders := 8     
+---Registers : 
	               16 Bit    Registers := 1     
+---Muxes : 
	   3 Input     16 Bit        Muxes := 1     
	   2 Input     16 Bit        Muxes := 5     
	   5 Input      1 Bit        Muxes := 1     
Module Oled_Display 
Detailed RTL Component Info : 
+---Adders : 
	   2 Input     17 Bit       Adders := 1     
	   2 Input      6 Bit       Adders := 1     
+---Registers : 
	               40 Bit    Registers := 1     
	               17 Bit    Registers := 1     
	                6 Bit    Registers := 1     
+---Muxes : 
	   2 Input     40 Bit        Muxes := 3     
	  32 Input     32 Bit        Muxes := 1     
	   2 Input     32 Bit        Muxes := 2     
	  32 Input     20 Bit        Muxes := 1     
	   2 Input     17 Bit        Muxes := 1     
	  32 Input      6 Bit        Muxes := 1     
	   2 Input      6 Bit        Muxes := 1     
	   2 Input      5 Bit        Muxes := 2     
	  32 Input      5 Bit        Muxes := 1     
	   2 Input      1 Bit        Muxes := 2     
---------------------------------------------------------------------------------
Finished RTL Hierarchical Component Statistics
---------------------------------------------------------------------------------
---------------------------------------------------------------------------------
Start Part Resource Summary
---------------------------------------------------------------------------------
Part Resources:
DSPs: 90 (col length:60)
BRAMs: 100 (col length: RAMB18 60 RAMB36 30)
---------------------------------------------------------------------------------
Finished Part Resource Summary
---------------------------------------------------------------------------------
---------------------------------------------------------------------------------
Start Cross Boundary and Area Optimization
---------------------------------------------------------------------------------
Warning: Parallel synthesis criteria is not met 
INFO: [Synth 8-5545] ROM "slow_clk0" won't be mapped to RAM because address size (32) is larger than maximum supported(25)
INFO: [Synth 8-5545] ROM "slow_clk0" won't be mapped to RAM because address size (32) is larger than maximum supported(25)
INFO: [Synth 8-5546] ROM "is_y_stat0" won't be mapped to RAM because it is too sparse
INFO: [Synth 8-5545] ROM "nolabel_line33/slow_clk0" won't be mapped to RAM because address size (32) is larger than maximum supported(25)
INFO: [Synth 8-5545] ROM "slow_clk0" won't be mapped to RAM because address size (32) is larger than maximum supported(25)
INFO: [Synth 8-5546] ROM "is_y_stat0" won't be mapped to RAM because it is too sparse
INFO: [Synth 8-5845] Not enough pipeline registers after wide multiplier. Recommended levels of pipeline registers is 4 [C:/Users/cyber/Desktop/Kashfy-EE2026-Vivado/MODS/MODS.srcs/sources_1/new/make_square.v:131]
INFO: [Synth 8-5845] Not enough pipeline registers after wide multiplier. Recommended levels of pipeline registers is 4 [C:/Users/cyber/Desktop/Kashfy-EE2026-Vivado/MODS/MODS.srcs/sources_1/new/make_square.v:131]
DSP Report: Generating DSP draw_sprite_3/colour3, operation Mode is: A*B.
DSP Report: operator draw_sprite_3/colour3 is absorbed into DSP draw_sprite_3/colour3.
DSP Report: operator draw_sprite_3/colour3 is absorbed into DSP draw_sprite_3/colour3.
DSP Report: Generating DSP draw_sprite_3/colour3, operation Mode is: (PCIN>>17)+A*B.
DSP Report: operator draw_sprite_3/colour3 is absorbed into DSP draw_sprite_3/colour3.
DSP Report: operator draw_sprite_3/colour3 is absorbed into DSP draw_sprite_3/colour3.
DSP Report: Generating DSP draw_sprite_3/colour3, operation Mode is: A*B.
DSP Report: operator draw_sprite_3/colour3 is absorbed into DSP draw_sprite_3/colour3.
DSP Report: operator draw_sprite_3/colour3 is absorbed into DSP draw_sprite_3/colour3.
DSP Report: Generating DSP draw_sprite_3/colour3, operation Mode is: (PCIN>>17)+A*B.
DSP Report: operator draw_sprite_3/colour3 is absorbed into DSP draw_sprite_3/colour3.
DSP Report: operator draw_sprite_3/colour3 is absorbed into DSP draw_sprite_3/colour3.
DSP Report: Generating DSP draw_sprite_3/colour3, operation Mode is: A*B.
DSP Report: operator draw_sprite_3/colour3 is absorbed into DSP draw_sprite_3/colour3.
DSP Report: operator draw_sprite_3/colour3 is absorbed into DSP draw_sprite_3/colour3.
DSP Report: Generating DSP draw_sprite_3/colour3, operation Mode is: (PCIN>>17)+A*B.
DSP Report: operator draw_sprite_3/colour3 is absorbed into DSP draw_sprite_3/colour3.
DSP Report: operator draw_sprite_3/colour3 is absorbed into DSP draw_sprite_3/colour3.
DSP Report: Generating DSP draw_sprite_3/colour3, operation Mode is: A*B.
DSP Report: operator draw_sprite_3/colour3 is absorbed into DSP draw_sprite_3/colour3.
DSP Report: operator draw_sprite_3/colour3 is absorbed into DSP draw_sprite_3/colour3.
DSP Report: Generating DSP draw_sprite_3/colour3, operation Mode is: (PCIN>>17)+A*B.
DSP Report: operator draw_sprite_3/colour3 is absorbed into DSP draw_sprite_3/colour3.
DSP Report: operator draw_sprite_3/colour3 is absorbed into DSP draw_sprite_3/colour3.
INFO: [Synth 8-5546] ROM "fsm_next_state0" won't be mapped to RAM because it is too sparse
INFO: [Synth 8-5546] ROM "fsm_next_state0" won't be mapped to RAM because it is too sparse
INFO: [Synth 8-3886] merging instance 'draw_sq/oled_data_reg[0]' (FDE) to 'draw_sq/oled_data_reg[4]'
INFO: [Synth 8-3886] merging instance 'draw_sq/oled_data_reg[1]' (FDE) to 'draw_sq/oled_data_reg[4]'
INFO: [Synth 8-3886] merging instance 'draw_sq/oled_data_reg[2]' (FDE) to 'draw_sq/oled_data_reg[4]'
INFO: [Synth 8-3886] merging instance 'draw_sq/oled_data_reg[3]' (FDE) to 'draw_sq/oled_data_reg[4]'
INFO: [Synth 8-3886] merging instance 'draw_sq/oled_data_reg[5]' (FDE) to 'draw_sq/oled_data_reg[10]'
INFO: [Synth 8-3886] merging instance 'draw_sq/oled_data_reg[6]' (FDE) to 'draw_sq/oled_data_reg[10]'
INFO: [Synth 8-3886] merging instance 'draw_sq/oled_data_reg[7]' (FDE) to 'draw_sq/oled_data_reg[10]'
INFO: [Synth 8-3886] merging instance 'draw_sq/oled_data_reg[8]' (FDE) to 'draw_sq/oled_data_reg[10]'
INFO: [Synth 8-3886] merging instance 'draw_sq/oled_data_reg[9]' (FDE) to 'draw_sq/oled_data_reg[10]'
INFO: [Synth 8-3886] merging instance 'draw_sq/oled_data_reg[11]' (FDE) to 'draw_sq/oled_data_reg[15]'
INFO: [Synth 8-3886] merging instance 'draw_sq/oled_data_reg[12]' (FDE) to 'draw_sq/oled_data_reg[15]'
INFO: [Synth 8-3886] merging instance 'draw_sq/oled_data_reg[13]' (FDE) to 'draw_sq/oled_data_reg[15]'
INFO: [Synth 8-3886] merging instance 'choose_direction/x_vect_reg[6]' (FD) to 'choose_direction/x_vect_reg[1]'
INFO: [Synth 8-3886] merging instance 'choose_direction/x_vect_reg[5]' (FD) to 'choose_direction/x_vect_reg[1]'
INFO: [Synth 8-3886] merging instance 'choose_direction/x_vect_reg[4]' (FD) to 'choose_direction/x_vect_reg[1]'
INFO: [Synth 8-3886] merging instance 'choose_direction/x_vect_reg[3]' (FD) to 'choose_direction/x_vect_reg[1]'
INFO: [Synth 8-3886] merging instance 'choose_direction/x_vect_reg[2]' (FD) to 'choose_direction/x_vect_reg[1]'
INFO: [Synth 8-3886] merging instance 'choose_direction/y_vect_reg[1]' (FDSE) to 'choose_direction/y_vect_reg[2]'
INFO: [Synth 8-3886] merging instance 'choose_direction/y_vect_reg[2]' (FDSE) to 'choose_direction/y_vect_reg[3]'
INFO: [Synth 8-3886] merging instance 'choose_direction/y_vect_reg[3]' (FDSE) to 'choose_direction/y_vect_reg[4]'
INFO: [Synth 8-3886] merging instance 'choose_direction/y_vect_reg[4]' (FDSE) to 'choose_direction/y_vect_reg[5]'
INFO: [Synth 8-3886] merging instance 'choose_direction/y_vect_reg[5]' (FDSE) to 'choose_direction/y_vect_reg[6]'
INFO: [Synth 8-3886] merging instance 'draw_sq/oled_data_reg[14]' (FDE) to 'draw_sq/oled_data_reg[15]'
---------------------------------------------------------------------------------
Finished Cross Boundary and Area Optimization : Time (s): cpu = 00:00:11 ; elapsed = 00:00:18 . Memory (MB): peak = 758.035 ; gain = 498.141
---------------------------------------------------------------------------------
---------------------------------------------------------------------------------
Start ROM, RAM, DSP and Shift Register Reporting
---------------------------------------------------------------------------------

DSP: Preliminary Mapping  Report (see note below)
+------------+----------------+--------+--------+--------+--------+--------+------+------+------+------+-------+------+------+
|Module Name | DSP Mapping    | A Size | B Size | C Size | D Size | P Size | AREG | BREG | CREG | DREG | ADREG | MREG | PREG | 
+------------+----------------+--------+--------+--------+--------+--------+------+------+------+------+-------+------+------+
|make_square | A*B            | 18     | 16     | -      | -      | 48     | 0    | 0    | -    | -    | -     | 0    | 0    | 
|make_square | (PCIN>>17)+A*B | 16     | 16     | -      | -      | 48     | 0    | 0    | -    | -    | -     | 0    | 0    | 
|make_square | A*B            | 18     | 18     | -      | -      | 48     | 0    | 0    | -    | -    | -     | 0    | 0    | 
|make_square | (PCIN>>17)+A*B | 18     | 16     | -      | -      | 48     | 0    | 0    | -    | -    | -     | 0    | 0    | 
|make_square | A*B            | 18     | 16     | -      | -      | 48     | 0    | 0    | -    | -    | -     | 0    | 0    | 
|make_square | (PCIN>>17)+A*B | 16     | 16     | -      | -      | 48     | 0    | 0    | -    | -    | -     | 0    | 0    | 
|make_square | A*B            | 18     | 18     | -      | -      | 48     | 0    | 0    | -    | -    | -     | 0    | 0    | 
|make_square | (PCIN>>17)+A*B | 18     | 16     | -      | -      | 48     | 0    | 0    | -    | -    | -     | 0    | 0    | 
+------------+----------------+--------+--------+--------+--------+--------+------+------+------+------+-------+------+------+

Note: The table above is a preliminary report that shows the DSPs inferred at the current stage of the synthesis flow. Some DSP may be reimplemented as non DSP primitives later in the synthesis flow. Multiple instantiated DSPs are reported only once.
---------------------------------------------------------------------------------
Finished ROM, RAM, DSP and Shift Register Reporting
---------------------------------------------------------------------------------

Report RTL Partitions: 
+-+--------------+------------+----------+
| |RTL Partition |Replication |Instances |
+-+--------------+------------+----------+
+-+--------------+------------+----------+
---------------------------------------------------------------------------------
Start Applying XDC Timing Constraints
---------------------------------------------------------------------------------
---------------------------------------------------------------------------------
Finished Applying XDC Timing Constraints : Time (s): cpu = 00:00:17 ; elapsed = 00:00:27 . Memory (MB): peak = 794.516 ; gain = 534.621
---------------------------------------------------------------------------------
---------------------------------------------------------------------------------
Start Timing Optimization
---------------------------------------------------------------------------------
---------------------------------------------------------------------------------
Finished Timing Optimization : Time (s): cpu = 00:00:17 ; elapsed = 00:00:27 . Memory (MB): peak = 816.578 ; gain = 556.684
---------------------------------------------------------------------------------

Report RTL Partitions: 
+-+--------------+------------+----------+
| |RTL Partition |Replication |Instances |
+-+--------------+------------+----------+
+-+--------------+------------+----------+
---------------------------------------------------------------------------------
Start Technology Mapping
---------------------------------------------------------------------------------
---------------------------------------------------------------------------------
Finished Technology Mapping : Time (s): cpu = 00:00:18 ; elapsed = 00:00:28 . Memory (MB): peak = 861.305 ; gain = 601.410
---------------------------------------------------------------------------------

Report RTL Partitions: 
+-+--------------+------------+----------+
| |RTL Partition |Replication |Instances |
+-+--------------+------------+----------+
+-+--------------+------------+----------+
---------------------------------------------------------------------------------
Start IO Insertion
---------------------------------------------------------------------------------
---------------------------------------------------------------------------------
Start Flattening Before IO Insertion
---------------------------------------------------------------------------------
---------------------------------------------------------------------------------
Finished Flattening Before IO Insertion
---------------------------------------------------------------------------------
---------------------------------------------------------------------------------
Start Final Netlist Cleanup
---------------------------------------------------------------------------------
---------------------------------------------------------------------------------
Finished Final Netlist Cleanup
---------------------------------------------------------------------------------
---------------------------------------------------------------------------------
Finished IO Insertion : Time (s): cpu = 00:00:18 ; elapsed = 00:00:29 . Memory (MB): peak = 861.305 ; gain = 601.410
---------------------------------------------------------------------------------

Report Check Netlist: 
+------+------------------+-------+---------+-------+------------------+
|      |Item              |Errors |Warnings |Status |Description       |
+------+------------------+-------+---------+-------+------------------+
|1     |multi_driven_nets |      0|        0|Passed |Multi driven nets |
+------+------------------+-------+---------+-------+------------------+
---------------------------------------------------------------------------------
Start Renaming Generated Instances
---------------------------------------------------------------------------------
---------------------------------------------------------------------------------
Finished Renaming Generated Instances : Time (s): cpu = 00:00:18 ; elapsed = 00:00:29 . Memory (MB): peak = 861.305 ; gain = 601.410
---------------------------------------------------------------------------------

Report RTL Partitions: 
+-+--------------+------------+----------+
| |RTL Partition |Replication |Instances |
+-+--------------+------------+----------+
+-+--------------+------------+----------+
---------------------------------------------------------------------------------
Start Rebuilding User Hierarchy
---------------------------------------------------------------------------------
---------------------------------------------------------------------------------
Finished Rebuilding User Hierarchy : Time (s): cpu = 00:00:18 ; elapsed = 00:00:29 . Memory (MB): peak = 861.305 ; gain = 601.410
---------------------------------------------------------------------------------
---------------------------------------------------------------------------------
Start Renaming Generated Ports
---------------------------------------------------------------------------------
---------------------------------------------------------------------------------
Finished Renaming Generated Ports : Time (s): cpu = 00:00:18 ; elapsed = 00:00:29 . Memory (MB): peak = 861.305 ; gain = 601.410
---------------------------------------------------------------------------------
---------------------------------------------------------------------------------
Start Handling Custom Attributes
---------------------------------------------------------------------------------
---------------------------------------------------------------------------------
Finished Handling Custom Attributes : Time (s): cpu = 00:00:18 ; elapsed = 00:00:29 . Memory (MB): peak = 861.305 ; gain = 601.410
---------------------------------------------------------------------------------
---------------------------------------------------------------------------------
Start Renaming Generated Nets
---------------------------------------------------------------------------------
---------------------------------------------------------------------------------
Finished Renaming Generated Nets : Time (s): cpu = 00:00:18 ; elapsed = 00:00:29 . Memory (MB): peak = 861.305 ; gain = 601.410
---------------------------------------------------------------------------------
---------------------------------------------------------------------------------
Start Writing Synthesis Report
---------------------------------------------------------------------------------

Report BlackBoxes: 
+-+--------------+----------+
| |BlackBox name |Instances |
+-+--------------+----------+
+-+--------------+----------+

Report Cell Usage: 
+------+--------+------+
|      |Cell    |Count |
+------+--------+------+
|1     |BUFG    |     4|
|2     |CARRY4  |   638|
|3     |DSP48E1 |     6|
|4     |LUT1    |   172|
|5     |LUT2    |   746|
|6     |LUT3    |   515|
|7     |LUT4    |   659|
|8     |LUT5    |   615|
|9     |LUT6    |   901|
|10    |MUXF7   |     5|
|11    |FDE_1   |    32|
|12    |FDRE    |   398|
|13    |IBUF    |     4|
|14    |OBUF    |    10|
|15    |OBUFT   |     1|
+------+--------+------+

Report Instance Areas: 
+------+-------------------+--------------+------+
|      |Instance           |Module        |Cells |
+------+-------------------+--------------+------+
|1     |top                |              |  4706|
|2     |  Q3A1             |Oled_Display  |   539|
|3     |  animate_enemy    |enimate       |  1865|
|4     |    get_fps_clock  |flexy_clock_2 |    63|
|5     |  animate_hero     |animate       |  1824|
|6     |    get_fps_clock  |flexy_clock_1 |    63|
|7     |  choose_direction |direction_mux |   158|
|8     |  clk_6p25MHz      |flexy_clock   |    63|
|9     |  draw_sq          |make_square   |   177|
|10    |    draw_sprite_1  |sprite_1      |     4|
|11    |    draw_sprite_2  |sprite_2      |     3|
|12    |    draw_sprite_3  |sprite_3      |   116|
|13    |  nolabel_line77   |hero_damage   |    58|
|14    |    nolabel_line33 |flexy_clock_0 |    54|
+------+-------------------+--------------+------+
---------------------------------------------------------------------------------
Finished Writing Synthesis Report : Time (s): cpu = 00:00:18 ; elapsed = 00:00:29 . Memory (MB): peak = 861.305 ; gain = 601.410
---------------------------------------------------------------------------------
Synthesis finished with 0 errors, 0 critical warnings and 228 warnings.
Synthesis Optimization Runtime : Time (s): cpu = 00:00:14 ; elapsed = 00:00:24 . Memory (MB): peak = 861.305 ; gain = 257.598
Synthesis Optimization Complete : Time (s): cpu = 00:00:19 ; elapsed = 00:00:30 . Memory (MB): peak = 861.305 ; gain = 601.410
INFO: [Project 1-571] Translating synthesized netlist
INFO: [Netlist 29-17] Analyzing 685 Unisim elements for replacement
INFO: [Netlist 29-28] Unisim Transformation completed in 0 CPU seconds
INFO: [Project 1-570] Preparing netlist for logic optimization
INFO: [Opt 31-138] Pushed 0 inverter(s) to 0 load pin(s).
INFO: [Project 1-111] Unisim Transformation Summary:
  A total of 32 instances were transformed.
  FDE_1 => FDRE (inverted pins: C): 32 instances

INFO: [Common 17-83] Releasing license: Synthesis
82 Infos, 118 Warnings, 2 Critical Warnings and 0 Errors encountered.
synth_design completed successfully
synth_design: Time (s): cpu = 00:00:19 ; elapsed = 00:00:32 . Memory (MB): peak = 861.305 ; gain = 614.285
WARNING: [Constraints 18-5210] No constraint will be written out.
INFO: [Common 17-1381] The checkpoint 'C:/Users/cyber/Desktop/Kashfy-EE2026-Vivado/MODS/MODS.runs/synth_1/Top_Student.dcp' has been generated.
INFO: [runtcl-4] Executing : report_utilization -file Top_Student_utilization_synth.rpt -pb Top_Student_utilization_synth.pb
report_utilization: Time (s): cpu = 00:00:00 ; elapsed = 00:00:00.037 . Memory (MB): peak = 861.305 ; gain = 0.000
INFO: [Common 17-206] Exiting Vivado at Mon Oct 21 01:40:30 2024...
