#-----------------------------------------------------------
# Vivado v2018.2 (64-bit)
# SW Build 2258646 on Thu Jun 14 20:03:12 MDT 2018
# IP Build 2256618 on Thu Jun 14 22:10:49 MDT 2018
# Start of session at: Sun Oct 20 23:27:44 2024
# Process ID: 23932
# Current directory: C:/Users/cyber/Desktop/Kashfy-EE2026-Vivado/MODS
# Command line: vivado.exe -gui_launcher_event rodinguilauncherevent26424 C:\Users\cyber\Desktop\Kashfy-EE2026-Vivado\MODS\MODS.xpr
# Log file: C:/Users/cyber/Desktop/Kashfy-EE2026-Vivado/MODS/vivado.log
# Journal file: C:/Users/cyber/Desktop/Kashfy-EE2026-Vivado/MODS\vivado.jou
#-----------------------------------------------------------
start_gui
open_project C:/Users/cyber/Desktop/Kashfy-EE2026-Vivado/MODS/MODS.xpr
Scanning sources...
Finished scanning sources
INFO: [IP_Flow 19-234] Refreshing IP repositories
INFO: [IP_Flow 19-1704] No user IP repositories specified
INFO: [IP_Flow 19-2313] Loaded Vivado IP repository 'C:/Xilinx/Vivado/2018.2/data/ip'.
open_project: Time (s): cpu = 00:00:04 ; elapsed = 00:00:09 . Memory (MB): peak = 859.203 ; gain = 143.309
update_compile_order -fileset sources_1
close [ open C:/Users/cyber/Desktop/Kashfy-EE2026-Vivado/MODS/MODS.srcs/sources_1/new/hero_damage.v w ]
add_files C:/Users/cyber/Desktop/Kashfy-EE2026-Vivado/MODS/MODS.srcs/sources_1/new/hero_damage.v
update_compile_order -fileset sources_1
update_compile_order -fileset sources_1
