Copyright 1986-2018 Xilinx, Inc. All Rights Reserved.
----------------------------------------------------------------------------------------
| Tool Version : Vivado v.2018.2 (win64) Build 2258646 Thu Jun 14 20:03:12 MDT 2018
| Date         : Mon Oct 21 01:41:11 2024
| Host         : Kashfy-yoga7 running 64-bit major release  (build 9200)
| Command      : report_control_sets -verbose -file Top_Student_control_sets_placed.rpt
| Design       : Top_Student
| Device       : xc7a35t
----------------------------------------------------------------------------------------

Control Set Information

Table of Contents
-----------------
1. Summary
2. Histogram
3. Flip-Flop Distribution
4. Detailed Control Set Information

1. Summary
----------

+----------------------------------------------------------+-------+
|                          Status                          | Count |
+----------------------------------------------------------+-------+
| Number of unique control sets                            |    16 |
| Unused register locations in slices containing registers |    28 |
+----------------------------------------------------------+-------+


2. Histogram
------------

+--------+--------------+
| Fanout | Control Sets |
+--------+--------------+
|      2 |            1 |
|      4 |            2 |
|    16+ |           13 |
+--------+--------------+


3. Flip-Flop Distribution
-------------------------

+--------------+-----------------------+------------------------+-----------------+--------------+
| Clock Enable | Synchronous Set/Reset | Asynchronous Set/Reset | Total Registers | Total Slices |
+--------------+-----------------------+------------------------+-----------------+--------------+
| No           | No                    | No                     |             248 |           48 |
| No           | No                    | Yes                    |               0 |            0 |
| No           | Yes                   | No                     |             506 |           70 |
| Yes          | No                    | No                     |             106 |           16 |
| Yes          | No                    | Yes                    |               0 |            0 |
| Yes          | Yes                   | No                     |               0 |            0 |
+--------------+-----------------------+------------------------+-----------------+--------------+


4. Detailed Control Set Information
-----------------------------------

+-----------------------------------------+-----------------------------------+--------------------------------------+------------------+----------------+
|               Clock Signal              |           Enable Signal           |           Set/Reset Signal           | Slice Load Count | Bel Load Count |
+-----------------------------------------+-----------------------------------+--------------------------------------+------------------+----------------+
|  nolabel_line77/nolabel_line33/slow_clk | animate_enemy/hit                 |                                      |                1 |              2 |
|  nolabel_line77/nolabel_line33/slow_clk |                                   |                                      |                1 |              4 |
| ~clk6p25m_BUFG                          |                                   |                                      |                2 |              4 |
| ~clk6p25m_BUFG                          |                                   | Q3A1/frame_counter[16]_i_1_n_0       |                4 |             32 |
| ~clk6p25m_BUFG                          | Q3A1/delay[0]_i_1_n_0             |                                      |                5 |             40 |
|  clk_IBUF_BUFG                          |                                   |                                      |               12 |             42 |
| ~clk6p25m_BUFG                          | Q3A1/FSM_onehot_state[31]_i_1_n_0 |                                      |               10 |             64 |
|  clk_IBUF_BUFG                          |                                   | animate_hero/get_fps_clock/clear     |                8 |             64 |
|  clk_IBUF_BUFG                          |                                   | animate_enemy/get_fps_clock/clear    |                8 |             64 |
|  clk_IBUF_BUFG                          |                                   | clk_6p25MHz/clear                    |                8 |             64 |
|  clk_IBUF_BUFG                          |                                   | nolabel_line77/nolabel_line33/clear  |                8 |             64 |
|  fps_clock                              |                                   | animate_hero/jumping[31]_i_1_n_0     |                9 |             64 |
|  fps_clock_0                            |                                   | animate_enemy/jumping[31]_i_1__0_n_0 |                9 |             64 |
| ~clk6p25m_BUFG                          |                                   | Q3A1/spi_word[39]_i_1_n_0            |               16 |             90 |
|  fps_clock_0                            |                                   |                                      |               17 |             96 |
|  fps_clock                              |                                   |                                      |               16 |            102 |
+-----------------------------------------+-----------------------------------+--------------------------------------+------------------+----------------+


